<?xml version="1.0" encoding="UTF-8"?>
<!-- Generated by org.testng.reporters.JUnitXMLReporter -->
<testsuite ignored="3" hostname="DESKTOP-404KR26" failures="0" tests="1" name="Default test" time="2.778" errors="0" timestamp="2024-11-14T15:27:43 IST">
  <testcase classname="apis.ApiTest" name="testValidateEmail" time="2.734"/>
  <testcase classname="apis.ApiTest" name="testSignUp" time="0.0">
    <ignored/>
  </testcase> <!-- testSignUp -->
  <testcase classname="apis.ApiTest" name="testLoginPartner" time="0.0">
    <ignored/>
  </testcase> <!-- testLoginPartner -->
  <testcase classname="apis.ApiTest" name="testOnboardPartner" time="0.0">
    <ignored/>
  </testcase> <!-- testOnboardPartner -->
</testsuite> <!-- Default test -->
