<?xml version="1.0" encoding="UTF-8"?>
<testng-results ignored="3" total="4" passed="1" failed="0" skipped="0">
  <reporter-output>
  </reporter-output>
  <suite started-at="2024-11-14T15:27:40 IST" name="Default suite" finished-at="2024-11-14T15:27:43 IST" duration-ms="2778">
    <groups>
    </groups>
    <test started-at="2024-11-14T15:27:40 IST" name="Default test" finished-at="2024-11-14T15:27:43 IST" duration-ms="2778">
      <class name="apis.ApiTest">
        <test-method signature="testValidateEmail()[pri:0, instance:apis.ApiTest@534a5a98]" started-at="2024-11-14T15:27:40 IST" name="testValidateEmail" finished-at="2024-11-14T15:27:43 IST" duration-ms="2734" status="PASS">
          <reporter-output>
          </reporter-output>
        </test-method> <!-- testValidateEmail -->
      </class> <!-- apis.ApiTest -->
    </test> <!-- Default test -->
  </suite> <!-- Default suite -->
</testng-results>
